<?xml version="1.0" encoding="UTF-8"?>
<testsuite xmlns:xsi="http://www.w3.org/2001/XMLSchema-instance" xsi:noNamespaceSchemaLocation="https://maven.apache.org/surefire/maven-surefire-plugin/xsd/surefire-test-report.xsd" name="fr.univ_orleans.iut45.menus.AppTest" time="0.042" tests="3" errors="0" skipped="0" failures="0">
  <properties>
    <property name="java.specification.version" value="21"/>
    <property name="sun.jnu.encoding" value="UTF-8"/>
    <property name="java.class.path" value="/home/iut45/Etudiants/o22401110/QDVLP/TPNOTE/menus/target/test-classes:/home/iut45/Etudiants/o22401110/QDVLP/TPNOTE/menus/target/classes:/home/iut45/Etudiants/o22401110/.m2/repository/junit/junit/4.13.2/junit-4.13.2.jar:/home/iut45/Etudiants/o22401110/.m2/repository/org/hamcrest/hamcrest-core/1.3/hamcrest-core-1.3.jar:"/>
    <property name="java.vm.vendor" value="Ubuntu"/>
    <property name="sun.arch.data.model" value="64"/>
    <property name="java.vendor.url" value="https://ubuntu.com/"/>
    <property name="os.name" value="Linux"/>
    <property name="java.vm.specification.version" value="21"/>
    <property name="sun.java.launcher" value="SUN_STANDARD"/>
    <property name="user.country" value="FR"/>
    <property name="sun.boot.library.path" value="/usr/lib/jvm/java-21-openjdk-amd64/lib"/>
    <property name="sun.java.command" value="/home/iut45/Etudiants/o22401110/QDVLP/TPNOTE/menus/target/surefire/surefirebooter6164063358067427628.jar /home/iut45/Etudiants/o22401110/QDVLP/TPNOTE/menus/target/surefire 2025-03-28T14-55-57_476-jvmRun1 surefire1393512302688014666tmp surefire_015711567171992102205tmp"/>
    <property name="jdk.debug" value="release"/>
    <property name="surefire.test.class.path" value="/home/iut45/Etudiants/o22401110/QDVLP/TPNOTE/menus/target/test-classes:/home/iut45/Etudiants/o22401110/QDVLP/TPNOTE/menus/target/classes:/home/iut45/Etudiants/o22401110/.m2/repository/junit/junit/4.13.2/junit-4.13.2.jar:/home/iut45/Etudiants/o22401110/.m2/repository/org/hamcrest/hamcrest-core/1.3/hamcrest-core-1.3.jar:"/>
    <property name="sun.cpu.endian" value="little"/>
    <property name="user.home" value="/home/iut45/Etudiants/o22401110"/>
    <property name="user.language" value="fr"/>
    <property name="java.specification.vendor" value="Oracle Corporation"/>
    <property name="java.version.date" value="2025-01-21"/>
    <property name="java.home" value="/usr/lib/jvm/java-21-openjdk-amd64"/>
    <property name="file.separator" value="/"/>
    <property name="basedir" value="/home/iut45/Etudiants/o22401110/QDVLP/TPNOTE/menus"/>
    <property name="java.vm.compressedOopsMode" value="Zero based"/>
    <property name="line.separator" value="&#10;"/>
    <property name="java.specification.name" value="Java Platform API Specification"/>
    <property name="java.vm.specification.vendor" value="Oracle Corporation"/>
    <property name="surefire.real.class.path" value="/home/iut45/Etudiants/o22401110/QDVLP/TPNOTE/menus/target/surefire/surefirebooter6164063358067427628.jar"/>
    <property name="sun.management.compiler" value="HotSpot 64-Bit Tiered Compilers"/>
    <property name="java.runtime.version" value="21.0.6+7-Ubuntu-124.04.1"/>
    <property name="user.name" value="o22401110"/>
    <property name="stdout.encoding" value="UTF-8"/>
    <property name="path.separator" value=":"/>
    <property name="os.version" value="6.8.0-56-generic"/>
    <property name="java.runtime.name" value="OpenJDK Runtime Environment"/>
    <property name="file.encoding" value="UTF-8"/>
    <property name="java.vm.name" value="OpenJDK 64-Bit Server VM"/>
    <property name="localRepository" value="/home/iut45/Etudiants/o22401110/.m2/repository"/>
    <property name="java.vendor.url.bug" value="https://bugs.launchpad.net/ubuntu/+source/openjdk-21"/>
    <property name="java.io.tmpdir" value="/tmp"/>
    <property name="java.version" value="21.0.6"/>
    <property name="user.dir" value="/home/iut45/Etudiants/o22401110/QDVLP/TPNOTE/menus"/>
    <property name="os.arch" value="amd64"/>
    <property name="java.vm.specification.name" value="Java Virtual Machine Specification"/>
    <property name="native.encoding" value="UTF-8"/>
    <property name="java.library.path" value="/usr/lib/oracle/12.1/client64/lib/:/usr/java/packages/lib:/usr/lib/x86_64-linux-gnu/jni:/lib/x86_64-linux-gnu:/usr/lib/x86_64-linux-gnu:/usr/lib/jni:/lib:/usr/lib"/>
    <property name="java.vm.info" value="mixed mode, sharing"/>
    <property name="stderr.encoding" value="UTF-8"/>
    <property name="java.vendor" value="Ubuntu"/>
    <property name="java.vm.version" value="21.0.6+7-Ubuntu-124.04.1"/>
    <property name="sun.io.unicode.encoding" value="UnicodeLittle"/>
    <property name="java.class.version" value="65.0"/>
  </properties>
  <testcase name="testPrixPlats" classname="fr.univ_orleans.iut45.menus.AppTest" time="0.005"/>
  <testcase name="testMenuComplet" classname="fr.univ_orleans.iut45.menus.AppTest" time="0.001"/>
  <testcase name="testListeEntrees" classname="fr.univ_orleans.iut45.menus.AppTest" time="0.002"/>
</testsuite>